12-05-2022 01:04[INFO][restartedMain] [c.b.A.AddressBookAppApplication:55] Starting AddressBookAppApplication using Java 11.0.12 on DESKTOP-HS1J9OI with PID 11736 (E:\SpringBoot\AddressBookApp\target\classes started by Anish in E:\SpringBoot\addressbookapp)
12-05-2022 01:04[INFO][restartedMain] [c.b.A.AddressBookAppApplication:640] No active profile set, falling back to 1 default profile: "default"
12-05-2022 01:04[INFO][restartedMain] [o.s.b.d.e.DevToolsPropertyDefaultsPostProcessor:255] Devtools property defaults active! Set 'spring.devtools.add-properties' to 'false' to disable
12-05-2022 01:04[INFO][restartedMain] [o.s.b.d.e.DevToolsPropertyDefaultsPostProcessor:255] For additional web related logging consider setting the 'logging.level.web' property to 'DEBUG'
12-05-2022 01:04[INFO][restartedMain] [o.s.b.w.e.t.TomcatWebServer:108] Tomcat initialized with port(s): 8081 (http)
12-05-2022 01:04[INFO][restartedMain] [o.a.c.c.StandardService:173] Starting service [Tomcat]
12-05-2022 01:04[INFO][restartedMain] [o.a.c.c.StandardEngine:173] Starting Servlet engine: [Apache Tomcat/9.0.62]
12-05-2022 01:04[INFO][restartedMain] [o.a.c.c.C.[.[.[/]:173] Initializing Spring embedded WebApplicationContext
12-05-2022 01:04[INFO][restartedMain] [o.s.b.w.s.c.ServletWebServerApplicationContext:290] Root WebApplicationContext: initialization completed in 7316 ms
12-05-2022 01:04[INFO][restartedMain] [o.s.b.d.a.OptionalLiveReloadServer:58] LiveReload server is running on port 35729
12-05-2022 01:04[INFO][restartedMain] [o.s.b.w.e.t.TomcatWebServer:220] Tomcat started on port(s): 8081 (http) with context path ''
12-05-2022 01:04[INFO][restartedMain] [c.b.A.AddressBookAppApplication:61] Started AddressBookAppApplication in 14.767 seconds (JVM running for 28.279)
12-05-2022 01:05[INFO][http-nio-8081-exec-2] [o.a.c.c.C.[.[.[/]:173] Initializing Spring DispatcherServlet 'dispatcherServlet'
12-05-2022 01:05[INFO][http-nio-8081-exec-2] [o.s.w.s.DispatcherServlet:525] Initializing Servlet 'dispatcherServlet'
12-05-2022 01:05[INFO][http-nio-8081-exec-2] [o.s.w.s.DispatcherServlet:547] Completed initialization in 2 ms
12-05-2022 01:05[INFO][http-nio-8081-exec-2] [c.b.A.s.AddressBookServiceImpl:41]  Returning all address from the book list 
12-05-2022 01:05[INFO][http-nio-8081-exec-3] [c.b.A.s.AddressBookServiceImpl:54]  Creating a new address book record 
12-05-2022 01:07[INFO][http-nio-8081-exec-6] [c.b.A.s.AddressBookServiceImpl:54]  Creating a new address book record 
12-05-2022 01:07[INFO][http-nio-8081-exec-7] [c.b.A.s.AddressBookServiceImpl:41]  Returning all address from the book list 
12-05-2022 01:07[INFO][http-nio-8081-exec-8] [c.b.A.s.AddressBookServiceImpl:45]  Returning address of given address id
12-05-2022 01:28[INFO][restartedMain] [c.b.A.AddressBookAppApplication:55] Starting AddressBookAppApplication using Java 11.0.12 on DESKTOP-HS1J9OI with PID 11096 (E:\SpringBoot\AddressBookApp\target\classes started by Anish in E:\SpringBoot\addressbookapp)
12-05-2022 01:28[INFO][restartedMain] [c.b.A.AddressBookAppApplication:646] The following 1 profile is active: "dev"
12-05-2022 01:28[INFO][restartedMain] [o.s.b.d.e.DevToolsPropertyDefaultsPostProcessor:255] Devtools property defaults active! Set 'spring.devtools.add-properties' to 'false' to disable
12-05-2022 01:28[INFO][restartedMain] [o.s.b.d.e.DevToolsPropertyDefaultsPostProcessor:255] For additional web related logging consider setting the 'logging.level.web' property to 'DEBUG'
12-05-2022 01:28[INFO][restartedMain] [o.s.b.w.e.t.TomcatWebServer:108] Tomcat initialized with port(s): 8081 (http)
12-05-2022 01:28[INFO][restartedMain] [o.a.c.c.StandardService:173] Starting service [Tomcat]
12-05-2022 01:28[INFO][restartedMain] [o.a.c.c.StandardEngine:173] Starting Servlet engine: [Apache Tomcat/9.0.62]
12-05-2022 01:28[INFO][restartedMain] [o.a.c.c.C.[.[.[/]:173] Initializing Spring embedded WebApplicationContext
12-05-2022 01:28[INFO][restartedMain] [o.s.b.w.s.c.ServletWebServerApplicationContext:290] Root WebApplicationContext: initialization completed in 11383 ms
12-05-2022 01:28[INFO][restartedMain] [o.s.b.d.a.OptionalLiveReloadServer:58] LiveReload server is running on port 35729
12-05-2022 01:28[INFO][restartedMain] [o.s.b.w.e.t.TomcatWebServer:220] Tomcat started on port(s): 8081 (http) with context path ''
12-05-2022 01:28[INFO][restartedMain] [c.b.A.AddressBookAppApplication:61] Started AddressBookAppApplication in 32.073 seconds (JVM running for 59.906)
12-05-2022 02:13[INFO][restartedMain] [c.b.A.AddressBookAppApplication:55] Starting AddressBookAppApplication using Java 11.0.12 on DESKTOP-HS1J9OI with PID 1100 (E:\SpringBoot\AddressBookApp\target\classes started by Anish in E:\SpringBoot\addressbookapp)
12-05-2022 02:13[INFO][restartedMain] [c.b.A.AddressBookAppApplication:646] The following 1 profile is active: "dev"
12-05-2022 02:13[INFO][restartedMain] [o.s.b.d.e.DevToolsPropertyDefaultsPostProcessor:255] Devtools property defaults active! Set 'spring.devtools.add-properties' to 'false' to disable
12-05-2022 02:13[INFO][restartedMain] [o.s.b.d.e.DevToolsPropertyDefaultsPostProcessor:255] For additional web related logging consider setting the 'logging.level.web' property to 'DEBUG'
12-05-2022 02:13[INFO][restartedMain] [o.s.b.w.e.t.TomcatWebServer:108] Tomcat initialized with port(s): 8081 (http)
12-05-2022 02:13[INFO][restartedMain] [o.a.c.c.StandardService:173] Starting service [Tomcat]
12-05-2022 02:13[INFO][restartedMain] [o.a.c.c.StandardEngine:173] Starting Servlet engine: [Apache Tomcat/9.0.62]
12-05-2022 02:13[INFO][restartedMain] [o.a.c.c.C.[.[.[/]:173] Initializing Spring embedded WebApplicationContext
12-05-2022 02:13[INFO][restartedMain] [o.s.b.w.s.c.ServletWebServerApplicationContext:290] Root WebApplicationContext: initialization completed in 16840 ms
12-05-2022 02:13[INFO][restartedMain] [o.s.b.d.a.OptionalLiveReloadServer:58] LiveReload server is running on port 35729
12-05-2022 02:13[INFO][restartedMain] [o.s.b.w.e.t.TomcatWebServer:220] Tomcat started on port(s): 8081 (http) with context path ''
12-05-2022 02:13[INFO][restartedMain] [c.b.A.AddressBookAppApplication:61] Started AddressBookAppApplication in 21.089 seconds (JVM running for 27.084)
